<?xml version="1.0" encoding="UTF-8"?>
<robot generator="Robot 3.2 (Python 3.8.3 on win32)" generated="20200628 15:56:57.303" rpa="false">
<suite id="s1" name="Robot Porject 1" source="C:\Users\elsys\git\Eclipse_test\robot_porject_1">
<suite id="s1-s1" name="Testecase" source="C:\Users\elsys\git\Eclipse_test\robot_porject_1\Testecase">
<suite id="s1-s1-s1" name="Testsuite1" source="C:\Users\elsys\git\Eclipse_test\robot_porject_1\Testecase\Testsuite1.robot">
<kw name="Log To Console" library="BuiltIn" type="setup">
<doc>Logs the given message to the console.</doc>
<arguments>
<arg>I am insde test suite case case number 2</arg>
</arguments>
<status status="PASS" starttime="20200628 15:56:57.860" endtime="20200628 15:56:57.861"></status>
</kw>
<test id="s1-s1-s1-t1" name="myfirsttest">
<kw name="Log" library="BuiltIn">
<doc>Logs the given message with the given level.</doc>
<arguments>
<arg>hello</arg>
</arguments>
<msg timestamp="20200628 15:56:57.864" level="INFO">hello</msg>
<status status="PASS" starttime="20200628 15:56:57.863" endtime="20200628 15:56:57.864"></status>
</kw>
<status status="PASS" starttime="20200628 15:56:57.862" endtime="20200628 15:56:57.864" critical="yes"></status>
</test>
<test id="s1-s1-s1-t2" name="FirstSeleniumTest">
<kw name="Set Selenium Implicit Wait" library="SeleniumLibrary">
<doc>Sets the implicit wait value used by Selenium.</doc>
<arguments>
<arg>2</arg>
</arguments>
<status status="PASS" starttime="20200628 15:56:57.867" endtime="20200628 15:56:57.867"></status>
</kw>
<kw name="Open Browser" library="SeleniumLibrary">
<doc>Opens a new browser instance to the optional ``url``.</doc>
<arguments>
<arg>${URL}</arg>
<arg>${navegador}</arg>
</arguments>
<msg timestamp="20200628 15:56:57.869" level="INFO">Opening browser 'chrome' to base url 'https:google.com'.</msg>
<status status="PASS" starttime="20200628 15:56:57.868" endtime="20200628 15:57:03.904"></status>
</kw>
<kw name="searchGoogle">
<kw name="Input Text" library="SeleniumLibrary">
<doc>Types the given ``text`` into the text field identified by ``locator``.</doc>
<arguments>
<arg>name=q</arg>
<arg>uol</arg>
</arguments>
<msg timestamp="20200628 15:57:03.906" level="INFO">Typing text 'uol' into text field 'name=q'.</msg>
<status status="PASS" starttime="20200628 15:57:03.905" endtime="20200628 15:57:04.036"></status>
</kw>
<kw name="Press Keys" library="SeleniumLibrary">
<doc>Simulates the user pressing key(s) to an element or on the active browser.</doc>
<arguments>
<arg>name=q</arg>
<arg>ENTER</arg>
</arguments>
<msg timestamp="20200628 15:57:04.037" level="INFO">Sending key(s) ('ENTER',) to name=q element.</msg>
<msg timestamp="20200628 15:57:04.328" level="INFO">Pressing special key ENTER to element.</msg>
<msg timestamp="20200628 15:57:04.328" level="INFO">Releasing special key ENTER.</msg>
<status status="PASS" starttime="20200628 15:57:04.036" endtime="20200628 15:57:06.082"></status>
</kw>
<kw name="Sleep" library="BuiltIn">
<doc>Pauses the test executed for the given time.</doc>
<arguments>
<arg>2</arg>
</arguments>
<msg timestamp="20200628 15:57:08.095" level="INFO">Slept 2 seconds</msg>
<status status="PASS" starttime="20200628 15:57:06.082" endtime="20200628 15:57:08.095"></status>
</kw>
<status status="PASS" starttime="20200628 15:57:03.904" endtime="20200628 15:57:08.096"></status>
</kw>
<kw name="Log To Console" library="BuiltIn">
<doc>Logs the given message to the console.</doc>
<arguments>
<arg>hello</arg>
</arguments>
<status status="PASS" starttime="20200628 15:57:08.096" endtime="20200628 15:57:08.098"></status>
</kw>
<kw name="Set Variable" library="BuiltIn">
<doc>Returns the given values which can then be assigned to a variables.</doc>
<arguments>
<arg>https:google.com</arg>
</arguments>
<assign>
<var>${url}</var>
</assign>
<msg timestamp="20200628 15:57:08.099" level="INFO">${url} = https:google.com</msg>
<status status="PASS" starttime="20200628 15:57:08.098" endtime="20200628 15:57:08.099"></status>
</kw>
<kw name="Log" library="BuiltIn">
<doc>Logs the given message with the given level.</doc>
<arguments>
<arg>${url}</arg>
</arguments>
<msg timestamp="20200628 15:57:08.100" level="INFO">https:google.com</msg>
<status status="PASS" starttime="20200628 15:57:08.100" endtime="20200628 15:57:08.101"></status>
</kw>
<status status="PASS" starttime="20200628 15:56:57.865" endtime="20200628 15:57:08.101" critical="yes"></status>
</test>
<kw name="drop_browser" type="teardown">
<kw name="Close Browser" library="SeleniumLibrary">
<doc>Closes the current browser.</doc>
<status status="PASS" starttime="20200628 15:57:08.104" endtime="20200628 15:57:11.895"></status>
</kw>
<status status="PASS" starttime="20200628 15:57:08.103" endtime="20200628 15:57:11.896"></status>
</kw>
<status status="PASS" starttime="20200628 15:56:57.419" endtime="20200628 15:57:11.896"></status>
</suite>
<status status="PASS" starttime="20200628 15:56:57.413" endtime="20200628 15:57:11.901"></status>
</suite>
<status status="PASS" starttime="20200628 15:56:57.360" endtime="20200628 15:57:11.903"></status>
</suite>
<statistics>
<total>
<stat pass="2" fail="0">Critical Tests</stat>
<stat pass="2" fail="0">All Tests</stat>
</total>
<tag>
</tag>
<suite>
<stat pass="2" fail="0" id="s1" name="Robot Porject 1">Robot Porject 1</stat>
<stat pass="2" fail="0" id="s1-s1" name="Testecase">Robot Porject 1.Testecase</stat>
<stat pass="2" fail="0" id="s1-s1-s1" name="Testsuite1">Robot Porject 1.Testecase.Testsuite1</stat>
</suite>
</statistics>
<errors>
</errors>
</robot>
